<?xml version="1.0" encoding="UTF-8"?>
<testng-results ignored="0" total="1" passed="1" failed="0" skipped="0">
  <reporter-output>
  </reporter-output>
  <suite started-at="2023-12-16T13:35:50 IST" name="Default suite" finished-at="2023-12-16T13:37:15 IST" duration-ms="84733">
    <groups>
    </groups>
    <test started-at="2023-12-16T13:35:50 IST" name="Default test" finished-at="2023-12-16T13:37:15 IST" duration-ms="84733">
      <class name="testcase.SignbupTest">
        <test-method is-config="true" signature="Browsersetup()[pri:0, instance:testcase.SignbupTest@4d154ccd]" started-at="2023-12-16T13:35:50 IST" name="Browsersetup" finished-at="2023-12-16T13:36:53 IST" duration-ms="62659" status="PASS">
          <reporter-output>
          </reporter-output>
        </test-method> <!-- Browsersetup -->
        <test-method signature="signup()[pri:0, instance:testcase.SignbupTest@4d154ccd]" started-at="2023-12-16T13:36:53 IST" name="signup" finished-at="2023-12-16T13:36:59 IST" duration-ms="5922" status="PASS">
          <reporter-output>
          </reporter-output>
        </test-method> <!-- signup -->
        <test-method is-config="true" signature="browser_close()[pri:0, instance:testcase.SignbupTest@4d154ccd]" started-at="2023-12-16T13:36:59 IST" name="browser_close" finished-at="2023-12-16T13:37:15 IST" duration-ms="16069" status="PASS">
          <reporter-output>
          </reporter-output>
        </test-method> <!-- browser_close -->
      </class> <!-- testcase.SignbupTest -->
    </test> <!-- Default test -->
  </suite> <!-- Default suite -->
</testng-results>
