<?xml version="1.0" encoding="UTF-8"?>
<testng-results ignored="0" total="2" passed="2" failed="0" skipped="0">
  <reporter-output>
  </reporter-output>
  <suite started-at="2023-12-21T21:24:39 IST" name="Default suite" finished-at="2023-12-21T21:25:07 IST" duration-ms="27746">
    <groups>
    </groups>
    <test started-at="2023-12-21T21:24:39 IST" name="Default test" finished-at="2023-12-21T21:25:07 IST" duration-ms="27746">
      <class name="NewTest">
        <test-method is-config="true" signature="Browsersetup()[pri:0, instance:NewTest@4686afc2]" started-at="2023-12-21T21:24:39 IST" name="Browsersetup" finished-at="2023-12-21T21:24:54 IST" duration-ms="14875" status="PASS">
          <reporter-output>
          </reporter-output>
        </test-method> <!-- Browsersetup -->
        <test-method signature="Login()[pri:0, instance:NewTest@4686afc2]" started-at="2023-12-21T21:24:54 IST" name="Login" finished-at="2023-12-21T21:24:55 IST" duration-ms="860" status="PASS">
          <reporter-output>
          </reporter-output>
        </test-method> <!-- Login -->
        <test-method is-config="true" signature="browser_close()[pri:0, instance:NewTest@4686afc2]" started-at="2023-12-21T21:24:55 IST" name="browser_close" finished-at="2023-12-21T21:24:55 IST" duration-ms="429" status="PASS">
          <reporter-output>
          </reporter-output>
        </test-method> <!-- browser_close -->
        <test-method is-config="true" signature="Browsersetup()[pri:0, instance:NewTest@4686afc2]" started-at="2023-12-21T21:24:55 IST" name="Browsersetup" finished-at="2023-12-21T21:25:03 IST" duration-ms="7308" status="PASS">
          <reporter-output>
          </reporter-output>
        </test-method> <!-- Browsersetup -->
        <test-method signature="signup()[pri:0, instance:NewTest@4686afc2]" started-at="2023-12-21T21:25:03 IST" name="signup" finished-at="2023-12-21T21:25:06 IST" duration-ms="3555" status="PASS">
          <reporter-output>
          </reporter-output>
        </test-method> <!-- signup -->
        <test-method is-config="true" signature="browser_close()[pri:0, instance:NewTest@4686afc2]" started-at="2023-12-21T21:25:06 IST" name="browser_close" finished-at="2023-12-21T21:25:07 IST" duration-ms="634" status="PASS">
          <reporter-output>
          </reporter-output>
        </test-method> <!-- browser_close -->
      </class> <!-- NewTest -->
    </test> <!-- Default test -->
  </suite> <!-- Default suite -->
</testng-results>
